\BOOKMARK [0][-]{chapter*.1}{Introduction}{}% 1
\BOOKMARK [0][-]{chapter.1}{Travail technique}{}% 2
\BOOKMARK [1][-]{section.1.1}{Principe}{chapter.1}% 3
\BOOKMARK [1][-]{section.1.2}{Overview}{chapter.1}% 4
\BOOKMARK [2][-]{subsection.1.2.1}{Collecte}{section.1.2}% 5
\BOOKMARK [2][-]{subsection.1.2.2}{G\351n\351ration}{section.1.2}% 6
\BOOKMARK [2][-]{subsection.1.2.3}{R\351solution et synth\350se}{section.1.2}% 7
\BOOKMARK [2][-]{subsection.1.2.4}{Validation de la synth\350se}{section.1.2}% 8
\BOOKMARK [1][-]{section.1.3}{Scope}{chapter.1}% 9
\BOOKMARK [2][-]{subsection.1.3.1}{Programmes}{section.1.3}% 10
\BOOKMARK [2][-]{subsection.1.3.2}{Collecte}{section.1.3}% 11
\BOOKMARK [2][-]{subsection.1.3.3}{Forme des tests}{section.1.3}% 12
\BOOKMARK [2][-]{subsection.1.3.4}{Type des entr\351es / sorties}{section.1.3}% 13
\BOOKMARK [1][-]{section.1.4}{Implementation}{chapter.1}% 14
\BOOKMARK [1][-]{section.1.5}{Utilisation}{chapter.1}% 15
\BOOKMARK [0][-]{chapter.2}{\311valuation}{}% 16
\BOOKMARK [1][-]{section.2.1}{IntroclassJava}{chapter.2}% 17
\BOOKMARK [2][-]{subsection.2.1.1}{Transformation}{section.2.1}% 18
\BOOKMARK [2][-]{subsection.2.1.2}{Redondance}{section.2.1}% 19
\BOOKMARK [1][-]{section.2.2}{R\351sultats}{chapter.2}% 20
\BOOKMARK [0][-]{chapter.3}{Limitations}{}% 21
\BOOKMARK [0][-]{chapter*.10}{Conclusion}{}% 22
\BOOKMARK [0][-]{chapter*.11}{R\351f\351rences}{}% 23
